<?xml version="1.0" encoding="UTF-8"?>
<testng-results ignored="0" total="1" passed="1" failed="0" skipped="0">
  <reporter-output>
  </reporter-output>
  <suite started-at="2021-12-17T18:06:26 EET" name="Surefire suite" finished-at="2021-12-17T18:06:26 EET" duration-ms="69">
    <groups>
    </groups>
    <test started-at="2021-12-17T18:06:26 EET" name="Surefire test" finished-at="2021-12-17T18:06:26 EET" duration-ms="69">
      <class name="hillel.test.mvnTest.MvnTest">
        <test-method signature="mbnTest()[pri:0, instance:hillel.test.mvnTest.MvnTest@42607a4f]" started-at="2021-12-17T18:06:26 EET" name="mbnTest" finished-at="2021-12-17T18:06:26 EET" duration-ms="8" status="PASS">
          <reporter-output>
          </reporter-output>
        </test-method> <!-- mbnTest -->
      </class> <!-- hillel.test.mvnTest.MvnTest -->
    </test> <!-- Surefire test -->
  </suite> <!-- Surefire suite -->
</testng-results>
