<?xml version="1.0" encoding="UTF-8"?>
<testng-results ignored="0" total="1" passed="1" failed="0" skipped="0">
  <reporter-output>
  </reporter-output>
  <suite started-at="2022-01-04T19:05:00 EET" name="Surefire suite" finished-at="2022-01-04T19:05:00 EET" duration-ms="46">
    <groups>
    </groups>
    <test started-at="2022-01-04T19:05:00 EET" name="Surefire test" finished-at="2022-01-04T19:05:00 EET" duration-ms="46">
      <class name="ua.hillel.test.mvnTest.MvnTest">
        <test-method signature="mvnTest()[pri:0, instance:ua.hillel.test.mvnTest.MvnTest@42607a4f]" started-at="2022-01-04T19:05:00 EET" name="mvnTest" finished-at="2022-01-04T19:05:00 EET" duration-ms="5" status="PASS">
          <reporter-output>
          </reporter-output>
        </test-method> <!-- mvnTest -->
      </class> <!-- ua.hillel.test.mvnTest.MvnTest -->
    </test> <!-- Surefire test -->
  </suite> <!-- Surefire suite -->
</testng-results>
