<?xml version="1.0" encoding="UTF-8"?>
<testsuite xmlns:xsi="http://www.w3.org/2001/XMLSchema-instance" xsi:noNamespaceSchemaLocation="https://maven.apache.org/surefire/maven-surefire-plugin/xsd/surefire-test-report-3.0.xsd" version="3.0" name="ua.hillel.test.mvnTest.MvnTest" time="0.734" tests="1" errors="0" skipped="0" failures="0">
  <properties>
[...]
</properties>
  <testcase name="mvnTest" classname="ua.hillel.test.mvnTest.MvnTest" time="0.007">
    <system-out><![CDATA[I'm first mvn test
Open URL: http://dev.site
]]></system-out>
  </testcase>
</testsuite>